Build started 11/12/2015 13:31:59.
     1>Project "C:\Users\N0561281\Desktop\SDI\Logger\Logger.vcxproj" on node 2 (Build target(s)).
     1>ClCompile:
         C:\Program Files (x86)\Microsoft Visual Studio 12.0\VC\bin\CL.exe /c /ZI /nologo /W3 /WX- /sdl /Od /Oy- /D _MBCS /Gm /EHsc /RTC1 /MDd /GS /fp:precise /Zc:wchar_t /Zc:forScope /Fo"Debug\\" /Fd"Debug\vc120.pdb" /Gd /TP /analyze- /errorReport:prompt logger.cpp
         logger.cpp
     1>c:\users\n0561281\desktop\sdi\logger\logger.h(13): error C2059: syntax error : 'constant'
     1>Done Building Project "C:\Users\N0561281\Desktop\SDI\Logger\Logger.vcxproj" (Build target(s)) -- FAILED.

Build FAILED.

Time Elapsed 00:00:00.39
